[0m18:53:48.962871 [debug] [MainThread]: Sending event: {'category': 'dbt', 'action': 'invocation', 'label': 'start', 'context': [<snowplow_tracker.self_describing_json.SelfDescribingJson object at 0x000001EDD9DF57F0>, <snowplow_tracker.self_describing_json.SelfDescribingJson object at 0x000001EDDD907770>, <snowplow_tracker.self_describing_json.SelfDescribingJson object at 0x000001EDDD1ECAA0>]}


============================== 18:53:48.993279 | eb5a9ff8-a4f3-4885-bb46-84b5895d8ff2 ==============================
[0m18:53:48.993279 [info ] [MainThread]: Running with dbt=1.11.11
[0m18:53:48.996083 [debug] [MainThread]: running dbt with arguments {'static_parser': 'True', 'no_print': 'None', 'version_check': 'True', 'warn_error_options': 'WarnErrorOptionsV2(error=[], warn=[], silence=[])', 'target_path': 'None', 'printer_width': '80', 'write_json': 'True', 'introspect': 'True', 'log_cache_events': 'False', 'empty': 'None', 'cache_selected_only': 'False', 'fail_fast': 'False', 'debug': 'False', 'log_format': 'default', 'partial_parse': 'True', 'send_anonymous_usage_stats': 'True', 'quiet': 'False', 'warn_error': 'None', 'profiles_dir': 'C:\\Users\\asus\\.dbt', 'indirect_selection': 'eager', 'invocation_command': 'dbt init sofyrus_dbt', 'use_colors': 'True', 'use_experimental_parser': 'False', 'log_path': 'logs'}
[0m18:53:49.015263 [info ] [MainThread]: Creating dbt configuration folder at C:\Users\asus\.dbt
[0m18:53:49.015263 [debug] [MainThread]: Starter project path: C:\Users\asus\Desktop\sofyrus_noshow_pipeline\.venv\Lib\site-packages\dbt\include\starter_project
[0m18:53:49.050292 [info ] [MainThread]: 
Your new dbt project "sofyrus_dbt" was created!

For more information on how to configure the profiles.yml file,
please consult the dbt documentation here:

  https://docs.getdbt.com/docs/configure-your-profile

One more thing:

Need help? Don't hesitate to reach out to us via GitHub issues or on Slack:

  https://community.getdbt.com/

Happy modeling!

[0m18:53:49.050292 [info ] [MainThread]: Setting up your profile.
[0m18:58:14.209459 [error] [MainThread]: Encountered an error:

[0m18:58:14.229823 [error] [MainThread]: Traceback (most recent call last):
  File "C:\Users\asus\Desktop\sofyrus_noshow_pipeline\.venv\Lib\site-packages\dbt\cli\requires.py", line 182, in wrapper
    result, success = func(*args, **kwargs)
                      ^^^^^^^^^^^^^^^^^^^^^
  File "C:\Users\asus\Desktop\sofyrus_noshow_pipeline\.venv\Lib\site-packages\dbt\cli\requires.py", line 128, in wrapper
    return func(*args, **kwargs)
           ^^^^^^^^^^^^^^^^^^^^^
  File "C:\Users\asus\Desktop\sofyrus_noshow_pipeline\.venv\Lib\site-packages\dbt\cli\main.py", line 488, in init
    results = task.run()
              ^^^^^^^^^^
  File "C:\Users\asus\Desktop\sofyrus_noshow_pipeline\.venv\Lib\site-packages\dbt\task\init.py", line 346, in run
    self.setup_profile(profile_name)
  File "C:\Users\asus\Desktop\sofyrus_noshow_pipeline\.venv\Lib\site-packages\dbt\task\init.py", line 262, in setup_profile
    self.create_profile_from_target(adapter, profile_name=profile_name)
  File "C:\Users\asus\Desktop\sofyrus_noshow_pipeline\.venv\Lib\site-packages\dbt\task\init.py", line 179, in create_profile_from_target
    self.create_profile_from_profile_template(profile_template, profile_name)
  File "C:\Users\asus\Desktop\sofyrus_noshow_pipeline\.venv\Lib\site-packages\dbt\task\init.py", line 163, in create_profile_from_profile_template
    target = self.generate_target_from_input(prompts, initial_target)
             ^^^^^^^^^^^^^^^^^^^^^^^^^^^^^^^^^^^^^^^^^^^^^^^^^^^^^^^^
  File "C:\Users\asus\Desktop\sofyrus_noshow_pipeline\.venv\Lib\site-packages\dbt\task\init.py", line 129, in generate_target_from_input
    target[key] = click.prompt(
                  ^^^^^^^^^^^^^
  File "C:\Users\asus\Desktop\sofyrus_noshow_pipeline\.venv\Lib\site-packages\click\termui.py", line 218, in prompt
    value = prompt_func(prompt)
            ^^^^^^^^^^^^^^^^^^^
  File "C:\Users\asus\Desktop\sofyrus_noshow_pipeline\.venv\Lib\site-packages\click\termui.py", line 201, in prompt_func
    raise Abort() from None
click.exceptions.Abort

[0m18:58:14.229823 [debug] [MainThread]: Command `dbt init` failed at 18:58:14.229823 after 265.41 seconds
[0m18:58:14.229823 [debug] [MainThread]: Sending event: {'category': 'dbt', 'action': 'invocation', 'label': 'end', 'context': [<snowplow_tracker.self_describing_json.SelfDescribingJson object at 0x000001EDDD646AB0>, <snowplow_tracker.self_describing_json.SelfDescribingJson object at 0x000001EDDD776840>, <snowplow_tracker.self_describing_json.SelfDescribingJson object at 0x000001EDDD1CE0F0>]}
[0m18:58:14.229823 [debug] [MainThread]: Flushing usage events
[0m18:58:15.371749 [debug] [MainThread]: An error was encountered while trying to flush usage events
[0m18:58:41.259288 [debug] [MainThread]: Sending event: {'category': 'dbt', 'action': 'invocation', 'label': 'start', 'context': [<snowplow_tracker.self_describing_json.SelfDescribingJson object at 0x0000019F3BA62DB0>, <snowplow_tracker.self_describing_json.SelfDescribingJson object at 0x0000019F3BA60E30>, <snowplow_tracker.self_describing_json.SelfDescribingJson object at 0x0000019F3BA62F00>]}


============================== 18:58:41.266845 | 88164f4b-d754-4fe4-9161-314c1272e6f6 ==============================
[0m18:58:41.266845 [info ] [MainThread]: Running with dbt=1.11.11
[0m18:58:41.270053 [debug] [MainThread]: running dbt with arguments {'static_parser': 'True', 'no_print': 'None', 'version_check': 'True', 'warn_error_options': 'WarnErrorOptionsV2(error=[], warn=[], silence=[])', 'target_path': 'None', 'printer_width': '80', 'write_json': 'True', 'introspect': 'True', 'log_cache_events': 'False', 'empty': 'None', 'cache_selected_only': 'False', 'fail_fast': 'False', 'debug': 'False', 'log_format': 'default', 'profiles_dir': 'C:\\Users\\asus\\.dbt', 'send_anonymous_usage_stats': 'True', 'quiet': 'False', 'warn_error': 'None', 'partial_parse': 'True', 'use_colors': 'True', 'indirect_selection': 'eager', 'invocation_command': 'dbt init sofyrus_dbt --skip-profile-setup', 'use_experimental_parser': 'False', 'log_path': 'logs'}
[0m18:58:41.293764 [info ] [MainThread]: A project called sofyrus_dbt already exists here.
[0m18:58:41.293764 [debug] [MainThread]: Command `dbt init` succeeded at 18:58:41.293764 after 0.19 seconds
[0m18:58:41.293764 [debug] [MainThread]: Sending event: {'category': 'dbt', 'action': 'invocation', 'label': 'end', 'context': [<snowplow_tracker.self_describing_json.SelfDescribingJson object at 0x0000019F3B86A420>, <snowplow_tracker.self_describing_json.SelfDescribingJson object at 0x0000019F3D260CB0>, <snowplow_tracker.self_describing_json.SelfDescribingJson object at 0x0000019F3BA62F00>]}
[0m18:58:41.293764 [debug] [MainThread]: Flushing usage events
[0m18:58:42.465472 [debug] [MainThread]: An error was encountered while trying to flush usage events
{"data":{"log_version":3,"version":"=2.0.0-preview.190"},"info":{"category":"","code":"A001","extra":{},"invocation_id":"019f0524-4f0b-75c0-aaa6-4be1620d16e0","level":"info","msg":"Running with dbt-fusion=2.0.0-preview.190","name":"MainReportVersion","pid":22196,"thread":"tokio-rt-worker","ts":"2026-06-26T18:14:53.549621Z"}}
{"data":{"args":{"debug":"false","invocation_command":"C:\\Users\\asus\\.local\\bin\\dbt.exe license info --json --log-format json","log_format":"json","quiet":"false","write_json":"true"}},"info":{"category":"","code":"A002","extra":{},"invocation_id":"019f0524-4f0b-75c0-aaa6-4be1620d16e0","level":"debug","msg":"running dbt-fusion with arguments {\"command\":\"license\",\"vars\":\"{}\",\"limit\":\"10\",\"debug\":false,\"log_format\":\"json\",\"quiet\":false,\"write_json\":true,\"write_catalog\":false}","name":"MainReportArgs","pid":22196,"thread":"tokio-rt-worker","ts":"2026-06-26T18:14:53.550797Z"}}
{"data":{},"info":{"category":"","code":"","extra":{},"invocation_id":"019f0524-4f0b-75c0-aaa6-4be1620d16e0","level":"debug","msg":"No platform credentials found, skipping remote license","name":"Generic","pid":22196,"thread":"tokio-rt-worker","ts":"2026-06-26T18:14:53.654588Z"}}
{"data":{},"info":{"category":"","code":"","extra":{},"invocation_id":"019f0524-4f0b-75c0-aaa6-4be1620d16e0","level":"debug","msg":"Requesting trial license from https://cloud.getdbt.com/api/private/trial-licenses/","name":"Generic","pid":22196,"thread":"tokio-rt-worker","ts":"2026-06-26T18:14:55.617751Z"}}
{"data":{},"info":{"category":"","code":"","extra":{},"invocation_id":"019f0524-4f0b-75c0-aaa6-4be1620d16e0","level":"debug","msg":"Trial license retrieved","name":"Generic","pid":22196,"thread":"tokio-rt-worker","ts":"2026-06-26T18:14:56.455202Z"}}
{"data":{},"info":{"category":"","code":"","extra":{},"invocation_id":"019f0524-4f0b-75c0-aaa6-4be1620d16e0","level":"debug","msg":"License loaded from trial license server","name":"Generic","pid":22196,"thread":"tokio-rt-worker","ts":"2026-06-26T18:14:56.665256Z"}}
{"data":{"columns":[],"is_inline":true,"node_name":"license_info","output_format":"json","preview":"{\n  \"status\": \"valid\",\n  \"licensing_enabled\": true,\n  \"features\": [\n    \"compare\",\n    \"dbt-wizard\",\n    \"strict-static-analysis\"\n  ],\n  \"issued_at\": \"2026-06-26T18:14:56+00:00\",\n  \"expires_at\": \"2026-07-09T15:53:31+00:00\",\n  \"license_type\": \"trial\",\n  \"machine_id\": \"8d6ec6f311c55dd5813c809e655acb218136768d5b752d0b5e346b614104a4cc\",\n  \"days_remaining\": 12,\n  \"trial_start_date\": \"2026-06-25T15:53:31+00:00\"\n}","unique_id":"license.info"},"info":{"category":"","code":"Q041","extra":{},"invocation_id":"019f0524-4f0b-75c0-aaa6-4be1620d16e0","level":"info","msg":"{\n  \"status\": \"valid\",\n  \"licensing_enabled\": true,\n  \"features\": [\n    \"compare\",\n    \"dbt-wizard\",\n    \"strict-static-analysis\"\n  ],\n  \"issued_at\": \"2026-06-26T18:14:56+00:00\",\n  \"expires_at\": \"2026-07-09T15:53:31+00:00\",\n  \"license_type\": \"trial\",\n  \"machine_id\": \"8d6ec6f311c55dd5813c809e655acb218136768d5b752d0b5e346b614104a4cc\",\n  \"days_remaining\": 12,\n  \"trial_start_date\": \"2026-06-25T15:53:31+00:00\"\n}","name":"ShowNode","pid":22196,"thread":"tokio-rt-worker","ts":"2026-06-26T18:14:56.936161Z"}}
{"data":{"completed_at":"2026-06-26T18:14:57.471421Z","elapsed":3.9413201808929443,"success":true},"info":{"category":"","code":"Q039","extra":{},"invocation_id":"019f0524-4f0b-75c0-aaa6-4be1620d16e0","level":"info","msg":"\n==================== Execution Summary =====================\nFinished 'license' successfully [3.9s]","name":"CommandCompleted","pid":22196,"thread":"tokio-rt-worker","ts":"2026-06-26T18:14:57.477228Z"}}
{"data":{"log_version":3,"version":"=2.0.0-preview.190"},"info":{"category":"","code":"A001","extra":{},"invocation_id":"019f1229-66ef-77f0-ab7d-642d2c16a6d9","level":"info","msg":"Running with dbt-fusion=2.0.0-preview.190","name":"MainReportVersion","pid":19852,"thread":"tokio-rt-worker","ts":"2026-06-29T06:55:31.115318Z"}}
{"data":{"args":{"debug":"false","invocation_command":"C:\\Users\\asus\\.local\\bin\\dbt.exe license info --json --log-format json","log_format":"json","quiet":"false","write_json":"true"}},"info":{"category":"","code":"A002","extra":{},"invocation_id":"019f1229-66ef-77f0-ab7d-642d2c16a6d9","level":"debug","msg":"running dbt-fusion with arguments {\"command\":\"license\",\"vars\":\"{}\",\"limit\":\"10\",\"debug\":false,\"log_format\":\"json\",\"quiet\":false,\"write_json\":true,\"write_catalog\":false}","name":"MainReportArgs","pid":19852,"thread":"tokio-rt-worker","ts":"2026-06-29T06:55:31.120102Z"}}
{"data":{},"info":{"category":"","code":"","extra":{},"invocation_id":"019f1229-66ef-77f0-ab7d-642d2c16a6d9","level":"debug","msg":"No platform credentials found, skipping remote license","name":"Generic","pid":19852,"thread":"tokio-rt-worker","ts":"2026-06-29T06:55:31.182714Z"}}
{"data":{},"info":{"category":"","code":"","extra":{},"invocation_id":"019f1229-66ef-77f0-ab7d-642d2c16a6d9","level":"debug","msg":"License from file C:\\Users\\asus\\.dbt\\license.trial is in refresh window, attempting remote refresh","name":"Generic","pid":19852,"thread":"tokio-rt-worker","ts":"2026-06-29T06:55:34.556207Z"}}
{"data":{},"info":{"category":"","code":"","extra":{},"invocation_id":"019f1229-66ef-77f0-ab7d-642d2c16a6d9","level":"debug","msg":"Requesting trial license from https://cloud.getdbt.com/api/private/trial-licenses/","name":"Generic","pid":19852,"thread":"tokio-rt-worker","ts":"2026-06-29T06:55:34.933133Z"}}
{"data":{},"info":{"category":"","code":"","extra":{},"invocation_id":"019f1229-66ef-77f0-ab7d-642d2c16a6d9","level":"error","msg":"[error] [LicenseError (dbt1068)]: Trial license request failed: error sending request for url (https://cloud.getdbt.com/api/private/trial-licenses/)","name":"Generic","pid":19852,"thread":"tokio-rt-worker","ts":"2026-06-29T06:55:36.045605Z"}}
{"data":{},"info":{"category":"","code":"","extra":{},"invocation_id":"019f1229-66ef-77f0-ab7d-642d2c16a6d9","level":"warn","msg":"[warning] [LicenseError (dbt1068)]: Error loading license from trial license server, skipping: Remote license fetch failed: Network error: error sending request for url (https://cloud.getdbt.com/api/private/trial-licenses/)","name":"Generic","pid":19852,"thread":"tokio-rt-worker","ts":"2026-06-29T06:55:36.065337Z"}}
{"data":{},"info":{"category":"","code":"","extra":{},"invocation_id":"019f1229-66ef-77f0-ab7d-642d2c16a6d9","level":"warn","msg":"[warning] [LicenseError (dbt1068)]: Remote refresh failed, using cached license from file C:\\Users\\asus\\.dbt\\license.trial (in refresh window)","name":"Generic","pid":19852,"thread":"tokio-rt-worker","ts":"2026-06-29T06:55:36.065401Z"}}
{"data":{"columns":[],"is_inline":true,"node_name":"license_info","output_format":"json","preview":"{\n  \"status\": \"valid\",\n  \"licensing_enabled\": true,\n  \"features\": [\n    \"compare\",\n    \"dbt-wizard\",\n    \"strict-static-analysis\"\n  ],\n  \"issued_at\": \"2026-06-26T18:14:56+00:00\",\n  \"expires_at\": \"2026-07-09T15:53:31+00:00\",\n  \"license_type\": \"trial\",\n  \"machine_id\": \"8d6ec6f311c55dd5813c809e655acb218136768d5b752d0b5e346b614104a4cc\",\n  \"days_remaining\": 10,\n  \"trial_start_date\": \"2026-06-25T15:53:31+00:00\"\n}","unique_id":"license.info"},"info":{"category":"","code":"Q041","extra":{},"invocation_id":"019f1229-66ef-77f0-ab7d-642d2c16a6d9","level":"info","msg":"{\n  \"status\": \"valid\",\n  \"licensing_enabled\": true,\n  \"features\": [\n    \"compare\",\n    \"dbt-wizard\",\n    \"strict-static-analysis\"\n  ],\n  \"issued_at\": \"2026-06-26T18:14:56+00:00\",\n  \"expires_at\": \"2026-07-09T15:53:31+00:00\",\n  \"license_type\": \"trial\",\n  \"machine_id\": \"8d6ec6f311c55dd5813c809e655acb218136768d5b752d0b5e346b614104a4cc\",\n  \"days_remaining\": 10,\n  \"trial_start_date\": \"2026-06-25T15:53:31+00:00\"\n}","name":"ShowNode","pid":19852,"thread":"tokio-rt-worker","ts":"2026-06-29T06:55:36.872298Z"}}
{"data":{"completed_at":"2026-06-29T06:55:37.062347Z","elapsed":5.954924583435059,"success":false},"info":{"category":"","code":"Q039","extra":{},"invocation_id":"019f1229-66ef-77f0-ab7d-642d2c16a6d9","level":"info","msg":"\n==================== Execution Summary =====================\nFinished 'license' with 2 warnings and 1 error [6.0s]","name":"CommandCompleted","pid":19852,"thread":"tokio-rt-worker","ts":"2026-06-29T06:55:37.063795Z"}}
{"data":{"log_version":3,"version":"=2.0.0-preview.193"},"info":{"category":"","code":"A001","extra":{},"invocation_id":"019f18a9-c336-7e22-ba5b-d45e4fa4b35a","level":"info","msg":"Running with dbt-fusion=2.0.0-preview.193","name":"MainReportVersion","pid":6484,"thread":"tokio-rt-worker","ts":"2026-06-30T13:13:26.647017Z"}}
{"data":{"args":{"debug":"false","invocation_command":"C:\\Users\\asus\\.local\\bin\\dbt.exe license info --json --log-format json","log_format":"json","quiet":"false","write_json":"true"}},"info":{"category":"","code":"A002","extra":{},"invocation_id":"019f18a9-c336-7e22-ba5b-d45e4fa4b35a","level":"debug","msg":"running dbt-fusion with arguments {\"command\":\"license\",\"vars\":\"{}\",\"limit\":\"10\",\"debug\":false,\"log_format\":\"json\",\"quiet\":false,\"write_json\":true,\"write_catalog\":false,\"manage_state\":false}","name":"MainReportArgs","pid":6484,"thread":"tokio-rt-worker","ts":"2026-06-30T13:13:26.647626Z"}}
{"data":{},"info":{"category":"","code":"","extra":{},"invocation_id":"019f18a9-c336-7e22-ba5b-d45e4fa4b35a","level":"debug","msg":"No platform credentials found, skipping remote license","name":"Generic","pid":6484,"thread":"tokio-rt-worker","ts":"2026-06-30T13:13:26.749255Z"}}
{"data":{},"info":{"category":"","code":"","extra":{},"invocation_id":"019f18a9-c336-7e22-ba5b-d45e4fa4b35a","level":"debug","msg":"License from file C:\\Users\\asus\\.dbt\\license.trial is in refresh window, attempting remote refresh","name":"Generic","pid":6484,"thread":"tokio-rt-worker","ts":"2026-06-30T13:13:30.629819Z"}}
{"data":{},"info":{"category":"","code":"","extra":{},"invocation_id":"019f18a9-c336-7e22-ba5b-d45e4fa4b35a","level":"debug","msg":"Requesting trial license from https://cloud.getdbt.com/api/private/trial-licenses/","name":"Generic","pid":6484,"thread":"main","ts":"2026-06-30T13:13:31.082882Z"}}
{"data":{},"info":{"category":"","code":"","extra":{},"invocation_id":"019f18a9-c336-7e22-ba5b-d45e4fa4b35a","level":"debug","msg":"Trial license retrieved","name":"Generic","pid":6484,"thread":"main","ts":"2026-06-30T13:13:31.844684Z"}}
{"data":{},"info":{"category":"","code":"","extra":{},"invocation_id":"019f18a9-c336-7e22-ba5b-d45e4fa4b35a","level":"debug","msg":"License loaded from trial license server","name":"Generic","pid":6484,"thread":"tokio-rt-worker","ts":"2026-06-30T13:13:32.295690Z"}}
{"data":{"columns":[],"is_inline":true,"node_name":"license_info","output_format":"json","preview":"{\n  \"status\": \"valid\",\n  \"licensing_enabled\": true,\n  \"features\": [\n    \"compare\",\n    \"strict-static-analysis\"\n  ],\n  \"issued_at\": \"2026-06-30T13:13:32+00:00\",\n  \"expires_at\": \"2026-07-09T15:53:31+00:00\",\n  \"license_type\": \"trial\",\n  \"machine_id\": \"8d6ec6f311c55dd5813c809e655acb218136768d5b752d0b5e346b614104a4cc\",\n  \"days_remaining\": 9,\n  \"trial_start_date\": \"2026-06-25T15:53:31+00:00\"\n}","unique_id":"license.info"},"info":{"category":"","code":"Q041","extra":{},"invocation_id":"019f18a9-c336-7e22-ba5b-d45e4fa4b35a","level":"info","msg":"{\n  \"status\": \"valid\",\n  \"licensing_enabled\": true,\n  \"features\": [\n    \"compare\",\n    \"strict-static-analysis\"\n  ],\n  \"issued_at\": \"2026-06-30T13:13:32+00:00\",\n  \"expires_at\": \"2026-07-09T15:53:31+00:00\",\n  \"license_type\": \"trial\",\n  \"machine_id\": \"8d6ec6f311c55dd5813c809e655acb218136768d5b752d0b5e346b614104a4cc\",\n  \"days_remaining\": 9,\n  \"trial_start_date\": \"2026-06-25T15:53:31+00:00\"\n}","name":"ShowNode","pid":6484,"thread":"tokio-rt-worker","ts":"2026-06-30T13:13:32.528290Z"}}
{"data":{"completed_at":"2026-06-30T13:13:32.731248Z","elapsed":6.0964508056640625,"success":true},"info":{"category":"","code":"Q039","extra":{},"invocation_id":"019f18a9-c336-7e22-ba5b-d45e4fa4b35a","level":"info","msg":"\n==================== Execution Summary =====================\nFinished 'license' successfully [6.1s]","name":"CommandCompleted","pid":6484,"thread":"tokio-rt-worker","ts":"2026-06-30T13:13:32.735179Z"}}
[0m18:46:44.140779 [debug] [MainThread]: Sending event: {'category': 'dbt', 'action': 'invocation', 'label': 'start', 'context': [<snowplow_tracker.self_describing_json.SelfDescribingJson object at 0x0000020AD0A6D070>, <snowplow_tracker.self_describing_json.SelfDescribingJson object at 0x0000020AD13077A0>, <snowplow_tracker.self_describing_json.SelfDescribingJson object at 0x0000020AD1304F50>]}


============================== 18:46:44.140779 | e76391ca-1cea-4825-9d3a-17e5ca3cca15 ==============================
[0m18:46:44.140779 [info ] [MainThread]: Running with dbt=1.11.11
[0m18:46:44.140779 [debug] [MainThread]: running dbt with arguments {'static_parser': 'True', 'no_print': 'None', 'version_check': 'True', 'target_path': 'None', 'warn_error_options': 'WarnErrorOptionsV2(error=[], warn=[], silence=[])', 'printer_width': '80', 'write_json': 'True', 'introspect': 'True', 'log_cache_events': 'False', 'empty': 'None', 'cache_selected_only': 'False', 'fail_fast': 'False', 'debug': 'False', 'log_format': 'default', 'profiles_dir': 'C:\\Users\\asus\\.dbt', 'send_anonymous_usage_stats': 'True', 'quiet': 'False', 'warn_error': 'None', 'partial_parse': 'True', 'indirect_selection': 'eager', 'use_colors': 'True', 'invocation_command': 'dbt debug', 'use_experimental_parser': 'False', 'log_path': 'logs'}
[0m18:46:44.183881 [info ] [MainThread]: dbt version: 1.11.11
[0m18:46:44.183881 [info ] [MainThread]: python version: 3.12.10
[0m18:46:44.183881 [info ] [MainThread]: python path: C:\Users\asus\Desktop\sofyrus_noshow_pipeline\.venv\Scripts\python.exe
[0m18:46:44.183881 [info ] [MainThread]: os info: Windows-11-10.0.26200-SP0
[0m18:46:47.390100 [info ] [MainThread]: Using profiles dir at C:\Users\asus\.dbt
[0m18:46:47.390100 [info ] [MainThread]: Using profiles.yml file at C:\Users\asus\.dbt\profiles.yml
[0m18:46:47.391271 [info ] [MainThread]: Using dbt_project.yml file at C:\Users\asus\Desktop\sofyrus_noshow_pipeline\dbt_project.yml
[0m18:46:47.391271 [info ] [MainThread]: adapter type: sqlserver
[0m18:46:47.391271 [info ] [MainThread]: adapter version: 1.10.0
[0m18:46:47.392284 [info ] [MainThread]: Configuration:
[0m18:46:47.392284 [info ] [MainThread]:   profiles.yml file [[32mOK found and valid[0m]
[0m18:46:47.392284 [info ] [MainThread]:   dbt_project.yml file [[31mERROR not found[0m]
[0m18:46:47.393457 [info ] [MainThread]: Required dependencies:
[0m18:46:47.394095 [debug] [MainThread]: Executing "git --help"
[0m18:46:47.453376 [debug] [MainThread]: STDOUT: "b"usage: git [-v | --version] [-h | --help] [-C <path>] [-c <name>=<value>]\n           [--exec-path[=<path>]] [--html-path] [--man-path] [--info-path]\n           [-p | --paginate | -P | --no-pager] [--no-replace-objects] [--no-lazy-fetch]\n           [--no-optional-locks] [--no-advice] [--bare] [--git-dir=<path>]\n           [--work-tree=<path>] [--namespace=<name>] [--config-env=<name>=<envvar>]\n           <command> [<args>]\n\nThese are common Git commands used in various situations:\n\nstart a working area (see also: git help tutorial)\n   clone      Clone a repository into a new directory\n   init       Create an empty Git repository or reinitialize an existing one\n\nwork on the current change (see also: git help everyday)\n   add        Add file contents to the index\n   mv         Move or rename a file, a directory, or a symlink\n   restore    Restore working tree files\n   rm         Remove files from the working tree and from the index\n\nexamine the history and state (see also: git help revisions)\n   bisect     Use binary search to find the commit that introduced a bug\n   diff       Show changes between commits, commit and working tree, etc\n   grep       Print lines matching a pattern\n   log        Show commit logs\n   show       Show various types of objects\n   status     Show the working tree status\n\ngrow, mark and tweak your common history\n   backfill   Download missing objects in a partial clone\n   branch     List, create, or delete branches\n   commit     Record changes to the repository\n   merge      Join two or more development histories together\n   rebase     Reapply commits on top of another base tip\n   reset      Set `HEAD` or the index to a known state\n   switch     Switch branches\n   tag        Create, list, delete or verify tags\n\ncollaborate (see also: git help workflows)\n   fetch      Download objects and refs from another repository\n   pull       Fetch from and integrate with another repository or a local branch\n   push       Update remote refs along with associated objects\n\n'git help -a' and 'git help -g' list available subcommands and some\nconcept guides. See 'git help <command>' or 'git help <concept>'\nto read about a specific subcommand or concept.\nSee 'git help git' for an overview of the system.\n""
[0m18:46:47.453376 [debug] [MainThread]: STDERR: "b''"
[0m18:46:47.454384 [info ] [MainThread]:  - git [[32mOK found[0m]

[0m18:46:47.454384 [info ] [MainThread]: Connection:
[0m18:46:47.454384 [info ] [MainThread]:   server: localhost\SQLEXPRESS
[0m18:46:47.455670 [info ] [MainThread]:   port: 1433
[0m18:46:47.455670 [info ] [MainThread]:   database: sofyrus
[0m18:46:47.455670 [info ] [MainThread]:   schema: dbo
[0m18:46:47.456806 [info ] [MainThread]:   UID: None
[0m18:46:47.456806 [info ] [MainThread]:   authentication: sql
[0m18:46:47.456806 [info ] [MainThread]:   retries: 3
[0m18:46:47.457870 [info ] [MainThread]:   login_timeout: 0
[0m18:46:47.457870 [info ] [MainThread]:   query_timeout: 0
[0m18:46:47.457870 [info ] [MainThread]:   trace_flag: False
[0m18:46:47.458934 [info ] [MainThread]:   encrypt: False
[0m18:46:47.458934 [info ] [MainThread]:   trust_cert: True
[0m18:46:47.459918 [info ] [MainThread]: Registered adapter: sqlserver=1.10.0
[0m18:46:47.812105 [warn ] [MainThread]: [[33mWARNING[0m]: When True, uses SQL Server-native string type mappings: STRING -> VARCHAR(MAX), NCHAR -> NCHAR(1), NVARCHAR -> NVARCHAR(4000). When False (default), preserves legacy mappings: STRING and NVARCHAR -> VARCHAR(8000), NCHAR -> CHAR(1). The new behaviour is intended to become the default in a future release.
You may opt into the new behavior sooner by setting `flags.dbt_sqlserver_use_native_string_types` to `True` in `dbt_project.yml`.
Visit https://docs.getdbt.com/reference/global-configs/behavior-changes for more information.
[0m18:46:47.812105 [debug] [MainThread]: Sending event: {'category': 'dbt', 'action': 'BehaviorChangeEvent', 'label': 'e76391ca-1cea-4825-9d3a-17e5ca3cca15', 'context': [<snowplow_tracker.self_describing_json.SelfDescribingJson object at 0x0000020AD32FC110>]}
[0m18:46:47.812105 [debug] [MainThread]: Acquiring new sqlserver connection 'debug'
[0m18:46:47.812105 [debug] [MainThread]: Using sqlserver connection "debug"
[0m18:46:47.812105 [debug] [MainThread]: On debug: select 1 as id
[0m18:46:47.812105 [debug] [MainThread]: Opening a new connection, currently in state init
[0m18:46:47.821130 [debug] [MainThread]: sqlserver adapter: Using connection string: DRIVER={ODBC Driver 17 for SQL Server};SERVER=localhost\SQLEXPRESS;Database=sofyrus;Pooling=true;SQL_ATTR_TRACE=SQL_OPT_TRACE_OFF;trusted_connection=Yes;encrypt=No;TrustServerCertificate=Yes;APP=dbt-sqlserver/1.10.0;ConnectRetryCount=3;ConnectRetryInterval=10
[0m18:46:48.180585 [debug] [MainThread]: sqlserver adapter: Connected to db: sofyrus
[0m18:46:48.194009 [debug] [MainThread]: SQL status: OK in 0.000 seconds
[0m18:46:48.195009 [debug] [MainThread]: On debug: Close
[0m18:46:48.196503 [info ] [MainThread]:   Connection test: [[32mOK connection ok[0m]

[0m18:46:48.196503 [info ] [MainThread]: [31m1 check failed:[0m
[0m18:46:48.197912 [info ] [MainThread]: Project loading failed for the following reason:
 project path <C:\Users\asus\Desktop\sofyrus_noshow_pipeline\dbt_project.yml> not found

[0m18:46:48.197912 [debug] [MainThread]: Command `dbt debug` failed at 18:46:48.197912 after 4.18 seconds
[0m18:46:48.199101 [debug] [MainThread]: Connection 'debug' was properly closed.
[0m18:46:48.199603 [debug] [MainThread]: Sending event: {'category': 'dbt', 'action': 'invocation', 'label': 'end', 'context': [<snowplow_tracker.self_describing_json.SelfDescribingJson object at 0x0000020AD19DEE40>, <snowplow_tracker.self_describing_json.SelfDescribingJson object at 0x0000020AD2D42840>, <snowplow_tracker.self_describing_json.SelfDescribingJson object at 0x0000020AD2EB4350>]}
[0m18:46:48.199603 [debug] [MainThread]: Flushing usage events
[0m18:46:49.511869 [debug] [MainThread]: An error was encountered while trying to flush usage events
